2023-09-06 11:56:04,710 INFO notifyConnectTimeout:100

2023-09-06 11:56:04,713 INFO notifySocketTimeout:200

2023-09-06 11:56:04,713 INFO isHealthCheck:true

2023-09-06 11:56:04,713 INFO maxHealthCheckFailCount:12

2023-09-06 11:56:04,713 INFO maxContent:10485760

2023-09-06 11:56:19,261 WARN DumpService start

2023-09-06 11:56:19,262 INFO start clear all config-info.

2023-09-06 11:56:19,263 WARN clear all config-info failed.

2023-09-06 11:56:19,263 WARN clear all config-info-tenant failed.

2023-09-06 11:57:59,540 INFO notifyConnectTimeout:100

2023-09-06 11:57:59,542 INFO notifySocketTimeout:200

2023-09-06 11:57:59,543 INFO isHealthCheck:true

2023-09-06 11:57:59,543 INFO maxHealthCheckFailCount:12

2023-09-06 11:57:59,543 INFO maxContent:10485760

2023-09-06 11:58:14,240 WARN DumpService start

2023-09-06 11:58:14,242 INFO start clear all config-info.

2023-09-06 11:58:14,243 WARN clear all config-info failed.

2023-09-06 11:58:14,243 WARN clear all config-info-tenant failed.

2023-09-06 11:59:59,871 INFO notifyConnectTimeout:100

2023-09-06 11:59:59,882 INFO notifySocketTimeout:200

2023-09-06 11:59:59,884 INFO isHealthCheck:true

2023-09-06 11:59:59,895 INFO maxHealthCheckFailCount:12

2023-09-06 11:59:59,895 INFO maxContent:10485760

2023-09-06 12:00:19,125 WARN DumpService start

2023-09-06 12:00:19,127 INFO start clear all config-info.

2023-09-06 12:00:19,128 WARN clear all config-info failed.

2023-09-06 12:00:19,128 WARN clear all config-info-tenant failed.

2023-09-06 12:00:21,147 INFO notifyConnectTimeout:100

2023-09-06 12:00:21,150 INFO notifySocketTimeout:200

2023-09-06 12:00:21,150 INFO isHealthCheck:true

2023-09-06 12:00:21,152 INFO maxHealthCheckFailCount:12

2023-09-06 12:00:21,152 INFO maxContent:10485760

2023-09-06 12:00:39,274 WARN DumpService start

2023-09-06 12:00:39,275 INFO start clear all config-info.

2023-09-06 12:00:39,276 WARN clear all config-info failed.

2023-09-06 12:00:39,276 WARN clear all config-info-tenant failed.

2023-09-06 12:04:14,008 INFO notifyConnectTimeout:100

2023-09-06 12:04:14,026 INFO notifySocketTimeout:200

2023-09-06 12:04:14,026 INFO isHealthCheck:true

2023-09-06 12:04:14,027 INFO maxHealthCheckFailCount:12

2023-09-06 12:04:14,027 INFO maxContent:10485760

2023-09-06 12:04:32,083 WARN DumpService start

2023-09-06 12:04:32,084 INFO start clear all config-info.

2023-09-06 12:04:32,085 WARN clear all config-info failed.

2023-09-06 12:04:32,085 WARN clear all config-info-tenant failed.

2023-09-06 12:11:26,333 INFO notifyConnectTimeout:100

2023-09-06 12:11:26,362 INFO notifySocketTimeout:200

2023-09-06 12:11:26,365 INFO isHealthCheck:true

2023-09-06 12:11:26,371 INFO maxHealthCheckFailCount:12

2023-09-06 12:11:26,371 INFO maxContent:10485760

2023-09-06 12:11:43,609 WARN DumpService start

2023-09-06 12:11:43,610 INFO start clear all config-info.

2023-09-06 12:11:43,610 WARN clear all config-info failed.

2023-09-06 12:11:43,611 WARN clear all config-info-tenant failed.

2023-09-06 12:11:57,466 INFO notifyConnectTimeout:100

2023-09-06 12:11:57,469 INFO notifySocketTimeout:200

2023-09-06 12:11:57,469 INFO isHealthCheck:true

2023-09-06 12:11:57,470 INFO maxHealthCheckFailCount:12

2023-09-06 12:11:57,470 INFO maxContent:10485760

2023-09-06 12:12:12,656 WARN DumpService start

2023-09-06 12:12:12,657 INFO start clear all config-info.

2023-09-06 12:12:12,657 WARN clear all config-info failed.

2023-09-06 12:12:12,658 WARN clear all config-info-tenant failed.

