2023-09-06 19:52:29,775 INFO notifyConnectTimeout:100

2023-09-06 19:52:29,778 INFO notifySocketTimeout:200

2023-09-06 19:52:29,778 INFO isHealthCheck:true

2023-09-06 19:52:29,778 INFO maxHealthCheckFailCount:12

2023-09-06 19:52:29,778 INFO maxContent:10485760

2023-09-06 19:52:34,783 WARN DumpService start

2023-09-06 19:52:34,784 INFO start clear all config-info.

2023-09-06 19:52:34,785 WARN clear all config-info failed.

2023-09-06 19:52:34,786 WARN clear all config-info-tenant failed.

2023-09-06 19:52:34,793 INFO start clear all config-info-beta.

2023-09-06 19:52:34,793 WARN clear all config-info-beta failed.

2023-09-06 19:52:34,794 WARN clear all config-info-beta-tenant failed.

2023-09-06 19:52:34,795 INFO start clear all config-info-tag.

2023-09-06 19:52:34,796 WARN clear all config-info-tag failed.

2023-09-06 19:52:34,796 WARN clear all config-info-tag-tenant failed.

2023-09-06 19:54:39,691 INFO notifyConnectTimeout:100

2023-09-06 19:54:39,693 INFO notifySocketTimeout:200

2023-09-06 19:54:39,693 INFO isHealthCheck:true

2023-09-06 19:54:39,693 INFO maxHealthCheckFailCount:12

2023-09-06 19:54:39,694 INFO maxContent:10485760

2023-09-06 19:55:28,016 INFO notifyConnectTimeout:100

2023-09-06 19:55:28,022 INFO notifySocketTimeout:200

2023-09-06 19:55:28,026 INFO isHealthCheck:true

2023-09-06 19:55:28,027 INFO maxHealthCheckFailCount:12

2023-09-06 19:55:28,028 INFO maxContent:10485760

2023-09-06 19:55:33,459 WARN DumpService start

2023-09-06 19:55:33,461 INFO start clear all config-info.

2023-09-06 19:55:33,462 WARN clear all config-info failed.

2023-09-06 19:55:33,462 WARN clear all config-info-tenant failed.

2023-09-06 19:55:33,468 INFO start clear all config-info-beta.

2023-09-06 19:55:33,469 WARN clear all config-info-beta failed.

2023-09-06 19:55:33,471 WARN clear all config-info-beta-tenant failed.

2023-09-06 19:55:33,474 INFO start clear all config-info-tag.

2023-09-06 19:55:33,474 WARN clear all config-info-tag failed.

2023-09-06 19:55:33,474 WARN clear all config-info-tag-tenant failed.

2023-09-06 19:58:40,921 INFO notifyConnectTimeout:100

2023-09-06 19:58:40,923 INFO notifySocketTimeout:200

2023-09-06 19:58:40,923 INFO isHealthCheck:true

2023-09-06 19:58:40,924 INFO maxHealthCheckFailCount:12

2023-09-06 19:58:40,924 INFO maxContent:10485760

2023-09-06 19:58:45,768 WARN DumpService start

2023-09-06 19:58:45,774 INFO start clear all config-info.

2023-09-06 19:58:45,775 WARN clear all config-info failed.

2023-09-06 19:58:45,776 WARN clear all config-info-tenant failed.

2023-09-06 19:58:45,785 INFO start clear all config-info-beta.

2023-09-06 19:58:45,786 WARN clear all config-info-beta failed.

2023-09-06 19:58:45,786 WARN clear all config-info-beta-tenant failed.

2023-09-06 19:58:45,789 INFO start clear all config-info-tag.

2023-09-06 19:58:45,793 WARN clear all config-info-tag failed.

2023-09-06 19:58:45,795 WARN clear all config-info-tag-tenant failed.

2023-09-06 20:03:22,192 INFO notifyConnectTimeout:100

2023-09-06 20:03:22,195 INFO notifySocketTimeout:200

2023-09-06 20:03:22,195 INFO isHealthCheck:true

2023-09-06 20:03:22,195 INFO maxHealthCheckFailCount:12

2023-09-06 20:03:22,195 INFO maxContent:10485760

2023-09-06 20:03:26,739 WARN DumpService start

2023-09-06 20:03:26,741 INFO start clear all config-info.

2023-09-06 20:03:26,742 WARN clear all config-info failed.

2023-09-06 20:03:26,742 WARN clear all config-info-tenant failed.

2023-09-06 20:03:26,748 INFO start clear all config-info-beta.

2023-09-06 20:03:26,749 WARN clear all config-info-beta failed.

2023-09-06 20:03:26,751 WARN clear all config-info-beta-tenant failed.

2023-09-06 20:03:26,753 INFO start clear all config-info-tag.

2023-09-06 20:03:26,753 WARN clear all config-info-tag failed.

2023-09-06 20:03:26,753 WARN clear all config-info-tag-tenant failed.

