2023-09-06 19:52:35,693 INFO [SelectorManager] Load SelectorContextBuilder(class com.alibaba.nacos.naming.selector.context.CmdbSelectorContextBuilder) contextType(CMDB) successfully.

2023-09-06 19:52:35,694 INFO [SelectorManager] Load SelectorContextBuilder(class com.alibaba.nacos.naming.selector.context.NoneSelectorContextBuilder) contextType(NONE) successfully.

2023-09-06 19:52:35,695 INFO [SelectorManager] Load Selector(class com.alibaba.nacos.naming.selector.LabelSelector) type(label) contextType(CMDB) successfully.

2023-09-06 19:52:35,695 INFO [SelectorManager] Load Selector(class com.alibaba.nacos.naming.selector.NoneSelector) type(none) contextType(NONE) successfully.

2023-09-06 19:52:36,831 INFO Load instance extension handler []

2023-09-06 19:54:36,566 WARN [NamingServerHttpClientManager] Start destroying HTTP-Client

2023-09-06 19:54:36,570 WARN [NamingServerHttpClientManager] Destruction of the end

2023-09-06 19:54:43,140 ERROR [TASK-FAILED] java.lang.InterruptedException

java.lang.InterruptedException: null
	at java.util.concurrent.locks.AbstractQueuedSynchronizer$ConditionObject.reportInterruptAfterWait(AbstractQueuedSynchronizer.java:2014)
	at java.util.concurrent.locks.AbstractQueuedSynchronizer$ConditionObject.await(AbstractQueuedSynchronizer.java:2048)
	at java.util.concurrent.ArrayBlockingQueue.take(ArrayBlockingQueue.java:403)
	at com.alibaba.nacos.common.task.engine.TaskExecuteWorker$InnerWorker.run(TaskExecuteWorker.java:118)
2023-09-06 19:54:43,140 ERROR [TASK-FAILED] java.lang.InterruptedException

java.lang.InterruptedException: null
	at java.util.concurrent.locks.AbstractQueuedSynchronizer$ConditionObject.reportInterruptAfterWait(AbstractQueuedSynchronizer.java:2014)
	at java.util.concurrent.locks.AbstractQueuedSynchronizer$ConditionObject.await(AbstractQueuedSynchronizer.java:2048)
	at java.util.concurrent.ArrayBlockingQueue.take(ArrayBlockingQueue.java:403)
	at com.alibaba.nacos.common.task.engine.TaskExecuteWorker$InnerWorker.run(TaskExecuteWorker.java:118)
2023-09-06 19:54:43,140 ERROR [TASK-FAILED] java.lang.InterruptedException

java.lang.InterruptedException: null
	at java.util.concurrent.locks.AbstractQueuedSynchronizer$ConditionObject.reportInterruptAfterWait(AbstractQueuedSynchronizer.java:2014)
	at java.util.concurrent.locks.AbstractQueuedSynchronizer$ConditionObject.await(AbstractQueuedSynchronizer.java:2048)
	at java.util.concurrent.ArrayBlockingQueue.take(ArrayBlockingQueue.java:403)
	at com.alibaba.nacos.common.task.engine.TaskExecuteWorker$InnerWorker.run(TaskExecuteWorker.java:118)
2023-09-06 19:54:43,140 ERROR [TASK-FAILED] java.lang.InterruptedException

java.lang.InterruptedException: null
	at java.util.concurrent.locks.AbstractQueuedSynchronizer$ConditionObject.reportInterruptAfterWait(AbstractQueuedSynchronizer.java:2014)
	at java.util.concurrent.locks.AbstractQueuedSynchronizer$ConditionObject.await(AbstractQueuedSynchronizer.java:2048)
	at java.util.concurrent.ArrayBlockingQueue.take(ArrayBlockingQueue.java:403)
	at com.alibaba.nacos.common.task.engine.TaskExecuteWorker$InnerWorker.run(TaskExecuteWorker.java:118)
2023-09-06 19:54:43,140 ERROR [TASK-FAILED] java.lang.InterruptedException

java.lang.InterruptedException: null
	at java.util.concurrent.locks.AbstractQueuedSynchronizer$ConditionObject.reportInterruptAfterWait(AbstractQueuedSynchronizer.java:2014)
	at java.util.concurrent.locks.AbstractQueuedSynchronizer$ConditionObject.await(AbstractQueuedSynchronizer.java:2048)
	at java.util.concurrent.ArrayBlockingQueue.take(ArrayBlockingQueue.java:403)
	at com.alibaba.nacos.common.task.engine.TaskExecuteWorker$InnerWorker.run(TaskExecuteWorker.java:118)
2023-09-06 19:54:43,141 ERROR [TASK-FAILED] java.lang.InterruptedException

java.lang.InterruptedException: null
	at java.util.concurrent.locks.AbstractQueuedSynchronizer$ConditionObject.reportInterruptAfterWait(AbstractQueuedSynchronizer.java:2014)
	at java.util.concurrent.locks.AbstractQueuedSynchronizer$ConditionObject.await(AbstractQueuedSynchronizer.java:2048)
	at java.util.concurrent.ArrayBlockingQueue.take(ArrayBlockingQueue.java:403)
	at com.alibaba.nacos.common.task.engine.TaskExecuteWorker$InnerWorker.run(TaskExecuteWorker.java:118)
2023-09-06 19:54:43,141 ERROR [TASK-FAILED] java.lang.InterruptedException

java.lang.InterruptedException: null
	at java.util.concurrent.locks.AbstractQueuedSynchronizer$ConditionObject.reportInterruptAfterWait(AbstractQueuedSynchronizer.java:2014)
	at java.util.concurrent.locks.AbstractQueuedSynchronizer$ConditionObject.await(AbstractQueuedSynchronizer.java:2048)
	at java.util.concurrent.ArrayBlockingQueue.take(ArrayBlockingQueue.java:403)
	at com.alibaba.nacos.common.task.engine.TaskExecuteWorker$InnerWorker.run(TaskExecuteWorker.java:118)
2023-09-06 19:55:34,343 INFO [SelectorManager] Load SelectorContextBuilder(class com.alibaba.nacos.naming.selector.context.CmdbSelectorContextBuilder) contextType(CMDB) successfully.

2023-09-06 19:55:34,343 INFO [SelectorManager] Load SelectorContextBuilder(class com.alibaba.nacos.naming.selector.context.NoneSelectorContextBuilder) contextType(NONE) successfully.

2023-09-06 19:55:34,343 INFO [SelectorManager] Load Selector(class com.alibaba.nacos.naming.selector.LabelSelector) type(label) contextType(CMDB) successfully.

2023-09-06 19:55:34,343 INFO [SelectorManager] Load Selector(class com.alibaba.nacos.naming.selector.NoneSelector) type(none) contextType(NONE) successfully.

2023-09-06 19:55:35,106 INFO Load instance extension handler []

2023-09-06 19:58:23,988 WARN [NamingServerHttpClientManager] Start destroying HTTP-Client

2023-09-06 19:58:23,995 WARN [NamingServerHttpClientManager] Destruction of the end

2023-09-06 19:58:46,552 INFO [SelectorManager] Load SelectorContextBuilder(class com.alibaba.nacos.naming.selector.context.CmdbSelectorContextBuilder) contextType(CMDB) successfully.

2023-09-06 19:58:46,552 INFO [SelectorManager] Load SelectorContextBuilder(class com.alibaba.nacos.naming.selector.context.NoneSelectorContextBuilder) contextType(NONE) successfully.

2023-09-06 19:58:46,553 INFO [SelectorManager] Load Selector(class com.alibaba.nacos.naming.selector.LabelSelector) type(label) contextType(CMDB) successfully.

2023-09-06 19:58:46,553 INFO [SelectorManager] Load Selector(class com.alibaba.nacos.naming.selector.NoneSelector) type(none) contextType(NONE) successfully.

2023-09-06 19:58:47,274 INFO Load instance extension handler []

2023-09-06 20:01:17,153 WARN namespace : undefined, [DEFAULT_GROUP@@ssss] services are automatically cleaned

2023-09-06 20:02:17,248 INFO Remove expired metadata ExpiredMetadataInfo{service=Service{namespace='undefined', group='DEFAULT_GROUP', name='ssss', ephemeral=false, revision=1}, metadataId='null', createTime=Wed Sep 06 20:01:17 CST 2023}

2023-09-06 20:03:18,810 WARN [NamingServerHttpClientManager] Start destroying HTTP-Client

2023-09-06 20:03:18,825 WARN [NamingServerHttpClientManager] Destruction of the end

2023-09-06 20:03:27,846 INFO [SelectorManager] Load SelectorContextBuilder(class com.alibaba.nacos.naming.selector.context.CmdbSelectorContextBuilder) contextType(CMDB) successfully.

2023-09-06 20:03:27,847 INFO [SelectorManager] Load SelectorContextBuilder(class com.alibaba.nacos.naming.selector.context.NoneSelectorContextBuilder) contextType(NONE) successfully.

2023-09-06 20:03:27,847 INFO [SelectorManager] Load Selector(class com.alibaba.nacos.naming.selector.LabelSelector) type(label) contextType(CMDB) successfully.

2023-09-06 20:03:27,848 INFO [SelectorManager] Load Selector(class com.alibaba.nacos.naming.selector.NoneSelector) type(none) contextType(NONE) successfully.

2023-09-06 20:03:29,512 INFO Load instance extension handler []

