2023-09-06 19:52:35,762 INFO Initializes the Raft protocol, raft-config info : {}

2023-09-06 19:52:35,941 INFO ========= The raft protocol is starting... =========

2023-09-06 19:52:35,961 INFO ========= The raft protocol start finished... =========

2023-09-06 19:52:35,972 INFO create raft group : naming_persistent_service_v2

2023-09-06 19:52:36,512 INFO This Raft event changes : RaftEvent{groupId='naming_persistent_service_v2', leader='767e9027266c:7848', term=1, raftClusterInfo=[767e9027266c:7848]}

2023-09-06 19:52:36,522 INFO create raft group : naming_instance_metadata

2023-09-06 19:52:36,596 INFO This Raft event changes : RaftEvent{groupId='naming_instance_metadata', leader='767e9027266c:7848', term=1, raftClusterInfo=[767e9027266c:7848]}

2023-09-06 19:52:36,600 INFO create raft group : naming_service_metadata

2023-09-06 19:52:36,660 INFO This Raft event changes : RaftEvent{groupId='naming_service_metadata', leader='767e9027266c:7848', term=1, raftClusterInfo=[767e9027266c:7848]}

2023-09-06 19:54:36,609 INFO shutdown jraft server

2023-09-06 19:54:36,610 INFO ========= The raft protocol is starting to close =========

2023-09-06 19:54:36,640 INFO ========= The raft protocol has been closed =========

2023-09-06 19:55:34,417 INFO Initializes the Raft protocol, raft-config info : {}

2023-09-06 19:55:34,677 INFO ========= The raft protocol is starting... =========

2023-09-06 19:55:34,697 INFO ========= The raft protocol start finished... =========

2023-09-06 19:55:34,708 INFO create raft group : naming_persistent_service_v2

2023-09-06 19:55:34,948 INFO This Raft event changes : RaftEvent{groupId='naming_persistent_service_v2', leader='728321b6da81:7848', term=1, raftClusterInfo=[728321b6da81:7848]}

2023-09-06 19:55:34,965 INFO create raft group : naming_instance_metadata

2023-09-06 19:55:34,996 INFO This Raft event changes : RaftEvent{groupId='naming_instance_metadata', leader='728321b6da81:7848', term=1, raftClusterInfo=[728321b6da81:7848]}

2023-09-06 19:55:34,998 INFO create raft group : naming_service_metadata

2023-09-06 19:55:35,030 INFO This Raft event changes : RaftEvent{groupId='naming_service_metadata', leader='728321b6da81:7848', term=1, raftClusterInfo=[728321b6da81:7848]}

2023-09-06 19:58:24,034 INFO shutdown jraft server

2023-09-06 19:58:24,035 INFO ========= The raft protocol is starting to close =========

2023-09-06 19:58:24,066 INFO ========= The raft protocol has been closed =========

2023-09-06 19:58:46,615 INFO Initializes the Raft protocol, raft-config info : {}

2023-09-06 19:58:46,787 INFO ========= The raft protocol is starting... =========

2023-09-06 19:58:46,808 INFO ========= The raft protocol start finished... =========

2023-09-06 19:58:46,826 INFO create raft group : naming_persistent_service_v2

2023-09-06 19:58:47,147 INFO create raft group : naming_instance_metadata

2023-09-06 19:58:47,156 INFO This Raft event changes : RaftEvent{groupId='naming_persistent_service_v2', leader='7e7e2f83f007:7848', term=1, raftClusterInfo=[7e7e2f83f007:7848]}

2023-09-06 19:58:47,175 INFO This Raft event changes : RaftEvent{groupId='naming_instance_metadata', leader='7e7e2f83f007:7848', term=1, raftClusterInfo=[7e7e2f83f007:7848]}

2023-09-06 19:58:47,180 INFO create raft group : naming_service_metadata

2023-09-06 19:58:47,210 INFO This Raft event changes : RaftEvent{groupId='naming_service_metadata', leader='7e7e2f83f007:7848', term=1, raftClusterInfo=[7e7e2f83f007:7848]}

2023-09-06 20:03:18,850 INFO shutdown jraft server

2023-09-06 20:03:18,851 INFO ========= The raft protocol is starting to close =========

2023-09-06 20:03:18,878 INFO ========= The raft protocol has been closed =========

2023-09-06 20:03:28,009 INFO Initializes the Raft protocol, raft-config info : {}

2023-09-06 20:03:28,498 INFO ========= The raft protocol is starting... =========

2023-09-06 20:03:28,580 INFO ========= The raft protocol start finished... =========

2023-09-06 20:03:28,766 INFO create raft group : naming_persistent_service_v2

2023-09-06 20:03:29,308 INFO create raft group : naming_instance_metadata

2023-09-06 20:03:29,314 INFO This Raft event changes : RaftEvent{groupId='naming_persistent_service_v2', leader='a58524c24c64:7848', term=1, raftClusterInfo=[a58524c24c64:7848]}

2023-09-06 20:03:29,350 INFO This Raft event changes : RaftEvent{groupId='naming_instance_metadata', leader='a58524c24c64:7848', term=1, raftClusterInfo=[a58524c24c64:7848]}

2023-09-06 20:03:29,354 INFO create raft group : naming_service_metadata

2023-09-06 20:03:29,395 INFO This Raft event changes : RaftEvent{groupId='naming_service_metadata', leader='a58524c24c64:7848', term=1, raftClusterInfo=[a58524c24c64:7848]}

