2023-09-06 19:52:33,732 INFO [ClientConnectionEventListenerRegistry] registry listener - ConnectionBasedClientManager

2023-09-06 19:52:34,952 INFO [ClientConnectionEventListenerRegistry] registry listener - ConfigConnectionEventListener

2023-09-06 19:52:35,002 INFO [ClientConnectionEventListenerRegistry] registry listener - RpcAckCallbackInitorOrCleaner

2023-09-06 19:52:35,072 INFO Nacos GrpcSdkServer Rpc server starting at port 9848 and tls config:{"sslProvider":"","enableTls":false,"mutualAuthEnable":false,"trustAll":false,"compatibility":true}

2023-09-06 19:52:35,518 WARN Recommended use 'nacos.remote.server.grpc.sdk.max-inbound-message-size' property instead 'nacos.remote.server.grpc.maxinbound.message.size', now property value is 10485760

2023-09-06 19:52:35,670 INFO Nacos GrpcSdkServer Rpc server started at port 9848 and tls config:{"sslProvider":"","enableTls":false,"mutualAuthEnable":false,"trustAll":false,"compatibility":true}

2023-09-06 19:52:35,680 INFO Nacos GrpcClusterServer Rpc server starting at port 9849 and tls config:{"sslProvider":"","enableTls":false,"mutualAuthEnable":false,"trustAll":false,"compatibility":true}

2023-09-06 19:52:35,680 WARN Recommended use 'nacos.remote.server.grpc.cluster.max-inbound-message-size' property instead 'nacos.remote.server.grpc.maxinbound.message.size', now property value is 10485760

2023-09-06 19:52:35,683 INFO Nacos GrpcClusterServer Rpc server started at port 9849 and tls config:{"sslProvider":"","enableTls":false,"mutualAuthEnable":false,"trustAll":false,"compatibility":true}

2023-09-06 19:54:36,567 INFO Nacos GrpcSdkServer Rpc server stopping

2023-09-06 19:54:36,567 INFO Nacos GrpcClusterServer Rpc server stopping

2023-09-06 19:54:36,579 INFO Nacos GrpcSdkServer Rpc server stopped successfully...

2023-09-06 19:54:36,579 INFO Nacos GrpcClusterServer Rpc server stopped successfully...

2023-09-06 19:55:32,509 INFO [ClientConnectionEventListenerRegistry] registry listener - ConnectionBasedClientManager

2023-09-06 19:55:33,745 INFO [ClientConnectionEventListenerRegistry] registry listener - ConfigConnectionEventListener

2023-09-06 19:55:33,808 INFO [ClientConnectionEventListenerRegistry] registry listener - RpcAckCallbackInitorOrCleaner

2023-09-06 19:55:33,896 INFO Nacos GrpcSdkServer Rpc server starting at port 9848 and tls config:{"sslProvider":"","enableTls":false,"mutualAuthEnable":false,"trustAll":false,"compatibility":true}

2023-09-06 19:55:34,187 WARN Recommended use 'nacos.remote.server.grpc.sdk.max-inbound-message-size' property instead 'nacos.remote.server.grpc.maxinbound.message.size', now property value is 10485760

2023-09-06 19:55:34,314 INFO Nacos GrpcSdkServer Rpc server started at port 9848 and tls config:{"sslProvider":"","enableTls":false,"mutualAuthEnable":false,"trustAll":false,"compatibility":true}

2023-09-06 19:55:34,322 INFO Nacos GrpcClusterServer Rpc server starting at port 9849 and tls config:{"sslProvider":"","enableTls":false,"mutualAuthEnable":false,"trustAll":false,"compatibility":true}

2023-09-06 19:55:34,322 WARN Recommended use 'nacos.remote.server.grpc.cluster.max-inbound-message-size' property instead 'nacos.remote.server.grpc.maxinbound.message.size', now property value is 10485760

2023-09-06 19:55:34,333 INFO Nacos GrpcClusterServer Rpc server started at port 9849 and tls config:{"sslProvider":"","enableTls":false,"mutualAuthEnable":false,"trustAll":false,"compatibility":true}

2023-09-06 19:58:23,987 INFO Nacos GrpcClusterServer Rpc server stopping

2023-09-06 19:58:23,988 INFO Nacos GrpcSdkServer Rpc server stopping

2023-09-06 19:58:23,999 INFO Nacos GrpcClusterServer Rpc server stopped successfully...

2023-09-06 19:58:24,003 INFO Nacos GrpcSdkServer Rpc server stopped successfully...

2023-09-06 19:58:44,288 INFO [ClientConnectionEventListenerRegistry] registry listener - ConnectionBasedClientManager

2023-09-06 19:58:46,001 INFO [ClientConnectionEventListenerRegistry] registry listener - ConfigConnectionEventListener

2023-09-06 19:58:46,060 INFO [ClientConnectionEventListenerRegistry] registry listener - RpcAckCallbackInitorOrCleaner

2023-09-06 19:58:46,164 INFO Nacos GrpcSdkServer Rpc server starting at port 9848 and tls config:{"sslProvider":"","enableTls":false,"mutualAuthEnable":false,"trustAll":false,"compatibility":true}

2023-09-06 19:58:46,421 WARN Recommended use 'nacos.remote.server.grpc.sdk.max-inbound-message-size' property instead 'nacos.remote.server.grpc.maxinbound.message.size', now property value is 10485760

2023-09-06 19:58:46,538 INFO Nacos GrpcSdkServer Rpc server started at port 9848 and tls config:{"sslProvider":"","enableTls":false,"mutualAuthEnable":false,"trustAll":false,"compatibility":true}

2023-09-06 19:58:46,541 INFO Nacos GrpcClusterServer Rpc server starting at port 9849 and tls config:{"sslProvider":"","enableTls":false,"mutualAuthEnable":false,"trustAll":false,"compatibility":true}

2023-09-06 19:58:46,542 WARN Recommended use 'nacos.remote.server.grpc.cluster.max-inbound-message-size' property instead 'nacos.remote.server.grpc.maxinbound.message.size', now property value is 10485760

2023-09-06 19:58:46,544 INFO Nacos GrpcClusterServer Rpc server started at port 9849 and tls config:{"sslProvider":"","enableTls":false,"mutualAuthEnable":false,"trustAll":false,"compatibility":true}

2023-09-06 20:03:18,811 INFO Nacos GrpcClusterServer Rpc server stopping

2023-09-06 20:03:18,812 INFO Nacos GrpcSdkServer Rpc server stopping

2023-09-06 20:03:18,828 INFO Nacos GrpcClusterServer Rpc server stopped successfully...

2023-09-06 20:03:18,828 INFO Nacos GrpcSdkServer Rpc server stopped successfully...

2023-09-06 20:03:25,663 INFO [ClientConnectionEventListenerRegistry] registry listener - ConnectionBasedClientManager

2023-09-06 20:03:27,039 INFO [ClientConnectionEventListenerRegistry] registry listener - ConfigConnectionEventListener

2023-09-06 20:03:27,088 INFO [ClientConnectionEventListenerRegistry] registry listener - RpcAckCallbackInitorOrCleaner

2023-09-06 20:03:27,181 INFO Nacos GrpcSdkServer Rpc server starting at port 9848 and tls config:{"sslProvider":"","enableTls":false,"mutualAuthEnable":false,"trustAll":false,"compatibility":true}

2023-09-06 20:03:27,518 WARN Recommended use 'nacos.remote.server.grpc.sdk.max-inbound-message-size' property instead 'nacos.remote.server.grpc.maxinbound.message.size', now property value is 10485760

2023-09-06 20:03:27,825 INFO Nacos GrpcSdkServer Rpc server started at port 9848 and tls config:{"sslProvider":"","enableTls":false,"mutualAuthEnable":false,"trustAll":false,"compatibility":true}

2023-09-06 20:03:27,829 INFO Nacos GrpcClusterServer Rpc server starting at port 9849 and tls config:{"sslProvider":"","enableTls":false,"mutualAuthEnable":false,"trustAll":false,"compatibility":true}

2023-09-06 20:03:27,830 WARN Recommended use 'nacos.remote.server.grpc.cluster.max-inbound-message-size' property instead 'nacos.remote.server.grpc.maxinbound.message.size', now property value is 10485760

2023-09-06 20:03:27,833 INFO Nacos GrpcClusterServer Rpc server started at port 9849 and tls config:{"sslProvider":"","enableTls":false,"mutualAuthEnable":false,"trustAll":false,"compatibility":true}

